<?xml version="1.0" encoding="UTF-8"?>
<!-- Generated by org.testng.reporters.JUnitXMLReporter -->
<testsuite hostname="WKMIN4122399" ignored="0" name="Free CRM App Test Cases" tests="8" failures="0" timestamp="07 Apr 2019 07:54:18 GMT" time="174.147" errors="0">
  <testcase name="loginTest" time="6.983" classname="com.crm.qa.testcases.LoginPageTest"/>
  <testcase name="Property_values_Test" time="0.434" classname="com.crm.qa.testcases.PropertyPageTest"/>
  <testcase name="Agent_Name_test" time="3.483" classname="com.crm.qa.testcases.property_detailsPageTest"/>
  <testcase name="validateAgentNametest" time="0.156" classname="com.crm.qa.testcases.Agent_DetailsPageTest"/>
  <testcase name="click_5thElement_Test" time="2.498" classname="com.crm.qa.testcases.PropertyPageTest"/>
  <testcase name="Agent_Number_test" time="0.126" classname="com.crm.qa.testcases.property_detailsPageTest"/>
  <testcase name="Agent_Logo_test" time="0.215" classname="com.crm.qa.testcases.property_detailsPageTest"/>
  <testcase name="validate_Agent_Logo_test" time="0.062" classname="com.crm.qa.testcases.property_detailsPageTest"/>
</testsuite> <!-- Free CRM App Test Cases -->
