<?xml version="1.0" encoding="UTF-8"?>
<!-- Generated by org.testng.reporters.JUnitXMLReporter -->
<testsuite hostname="WKMIN4122399" ignored="0" name="Property Page" tests="2" failures="0" timestamp="07 Apr 2019 08:16:46 GMT" time="39.722" errors="0">
  <testcase name="Property_values_Test" time="1.105" classname="com.crm.qa.testcases.PropertyPageTest"/>
  <testcase name="click_5thElement_Test" time="3.688" classname="com.crm.qa.testcases.PropertyPageTest"/>
</testsuite> <!-- Property Page -->
