<?xml version="1.0" encoding="UTF-8"?>
<!-- Generated by org.testng.reporters.JUnitXMLReporter -->
<testsuite hostname="WKMIN4122399" ignored="0" name="Property Details" tests="4" failures="0" timestamp="07 Apr 2019 08:18:07 GMT" time="81.234" errors="0">
  <testcase name="Agent_Name_test" time="5.335" classname="com.crm.qa.testcases.property_detailsPageTest"/>
  <testcase name="Agent_Number_test" time="0.053" classname="com.crm.qa.testcases.property_detailsPageTest"/>
  <testcase name="Agent_Logo_test" time="0.036" classname="com.crm.qa.testcases.property_detailsPageTest"/>
  <testcase name="validate_Agent_Logo_test" time="0.061" classname="com.crm.qa.testcases.property_detailsPageTest"/>
</testsuite> <!-- Property Details -->
